2023-07-12 23:29:17 - Upload Worker - INFO - File uploaded: Sessions.csv
2023-07-12 23:29:17 - Upload Worker - INFO - File uploaded: Stations.csv
2023-07-12 23:29:17 - Upload Worker - INFO - File uploaded: SessionsData.log
2023-07-12 23:29:17 - Upload Worker - INFO - File uploaded: StationsData.log
2023-07-12 23:29:23 - Upload Worker - INFO - File uploaded: Sessions.csv
2023-07-12 23:29:23 - Upload Worker - INFO - File uploaded: Stations.csv
2023-07-12 23:29:23 - Upload Worker - INFO - File uploaded: SessionsData.log
2023-07-12 23:29:24 - Upload Worker - INFO - File uploaded: StationsData.log
2023-07-12 23:29:29 - Upload Worker - INFO - File uploaded: Sessions.csv
2023-07-12 23:29:29 - Upload Worker - INFO - File uploaded: Stations.csv
2023-07-12 23:29:30 - Upload Worker - INFO - File uploaded: SessionsData.log
2023-07-12 23:29:30 - Upload Worker - INFO - File uploaded: StationsData.log
2023-07-12 23:29:35 - Upload Worker - INFO - File uploaded: Sessions.csv
2023-07-12 23:29:36 - Upload Worker - INFO - File uploaded: Stations.csv
2023-07-12 23:29:36 - Upload Worker - INFO - File uploaded: SessionsData.log
2023-07-12 23:29:36 - Upload Worker - INFO - File uploaded: StationsData.log
2023-07-13 11:39:50 - Upload Worker - INFO - File uploaded: Sessions.csv
2023-07-13 11:39:50 - Upload Worker - INFO - File uploaded: Stations.csv
2023-07-13 11:39:51 - Upload Worker - INFO - File uploaded: SessionsData.log
2023-07-13 11:39:51 - Upload Worker - INFO - File uploaded: StationsData.log
2023-07-13 22:38:55 - Upload Worker - INFO - File uploaded: Sessions.csv
2023-07-13 22:38:55 - Upload Worker - INFO - File uploaded: Stations.csv
2023-07-13 22:38:56 - Upload Worker - INFO - File uploaded: Alarms.csv
2023-07-13 22:38:56 - Upload Worker - INFO - File uploaded: SessionsData.log
2023-07-13 22:38:56 - Upload Worker - INFO - File uploaded: StationsData.log
2023-07-13 22:38:56 - Upload Worker - INFO - File uploaded: AlarmData.log
2023-07-17 10:41:53 - Upload Worker - INFO - File uploaded: Sessions.csv
2023-07-17 10:41:54 - Upload Worker - INFO - File uploaded: Stations.csv
2023-07-17 10:41:54 - Upload Worker - INFO - File uploaded: Alarms.csv
2023-07-17 10:41:55 - Upload Worker - INFO - File uploaded: SessionsData.log
2023-07-17 10:41:55 - Upload Worker - INFO - File uploaded: StationsData.log
2023-07-17 10:41:55 - Upload Worker - INFO - File uploaded: AlarmData.log
2023-07-17 12:16:04 - Upload Worker - INFO - File uploaded: Sessions.csv
2023-07-17 12:16:04 - Upload Worker - INFO - File uploaded: Stations.csv
2023-07-17 12:16:04 - Upload Worker - INFO - File uploaded: Alarms.csv
2023-07-17 12:16:04 - Upload Worker - INFO - File uploaded: SessionsData.log
2023-07-17 12:16:05 - Upload Worker - INFO - File uploaded: StationsData.log
2023-07-17 12:16:05 - Upload Worker - INFO - File uploaded: AlarmData.log
2023-07-17 13:42:03 - Upload Worker - INFO - File uploaded: Sessions.csv
2023-07-17 13:42:03 - Upload Worker - INFO - File uploaded: Stations.csv
2023-07-17 13:42:03 - Upload Worker - INFO - File uploaded: Alarms.csv
2023-07-17 13:42:04 - Upload Worker - INFO - File uploaded: SessionsData.log
2023-07-17 13:42:04 - Upload Worker - INFO - File uploaded: StationsData.log
2023-07-17 13:42:04 - Upload Worker - INFO - File uploaded: AlarmData.log
2023-07-17 13:58:07 - Upload Worker - INFO - File uploaded: Sessions.csv
2023-07-17 13:58:07 - Upload Worker - INFO - File uploaded: Stations.csv
2023-07-17 13:58:08 - Upload Worker - INFO - File uploaded: Alarms.csv
2023-07-17 13:58:08 - Upload Worker - INFO - File uploaded: SessionsData.log
2023-07-17 13:58:08 - Upload Worker - INFO - File uploaded: StationsData.log
2023-07-17 13:58:08 - Upload Worker - INFO - File uploaded: AlarmData.log
2023-07-18 11:26:32 - Upload Worker - INFO - File uploaded: Sessions.csv
2023-07-18 11:26:32 - Upload Worker - INFO - File uploaded: Stations.csv
2023-07-18 11:26:33 - Upload Worker - INFO - File uploaded: Alarms.csv
2023-07-18 11:26:33 - Upload Worker - INFO - File uploaded: SessionsData.log
2023-07-18 11:26:33 - Upload Worker - INFO - File uploaded: StationsData.log
2023-07-18 11:26:33 - Upload Worker - INFO - File uploaded: AlarmData.log
2023-07-18 15:18:46 - Upload Worker - INFO - File uploaded: Sessions.csv
2023-07-18 15:18:47 - Upload Worker - INFO - File uploaded: Anomalies.csv
2023-07-18 15:18:47 - Upload Worker - INFO - File uploaded: Alarms.csv
2023-07-18 15:18:47 - Upload Worker - INFO - File uploaded: Stations.csv
2023-07-18 15:18:47 - Upload Worker - INFO - File uploaded: SessionsData.log
2023-07-18 15:18:48 - Upload Worker - INFO - File uploaded: StationsData.log
2023-07-18 15:18:48 - Upload Worker - INFO - File uploaded: AlarmData.log
2023-07-18 15:18:48 - Upload Worker - INFO - File uploaded: upload.log
2023-07-19 10:52:34 - Upload Worker - INFO - File uploaded: Sessions.csv
2023-07-19 10:52:34 - Upload Worker - INFO - File uploaded: Anomalies.csv
2023-07-19 10:52:34 - Upload Worker - INFO - File uploaded: Alarms.csv
2023-07-19 10:52:35 - Upload Worker - INFO - File uploaded: Stations.csv
2023-07-19 10:52:35 - Upload Worker - INFO - File uploaded: SessionsData.log
2023-07-19 10:52:35 - Upload Worker - INFO - File uploaded: StationsData.log
2023-07-19 10:52:35 - Upload Worker - INFO - File uploaded: AlarmData.log
2023-07-19 10:52:35 - Upload Worker - INFO - File uploaded: upload.log
2023-07-20 13:29:54 - Upload Worker - INFO - File uploaded: Sessions.csv
2023-07-20 13:29:55 - Upload Worker - INFO - File uploaded: Anomalies.csv
2023-07-20 13:29:55 - Upload Worker - INFO - File uploaded: Alarms.csv
2023-07-20 13:29:55 - Upload Worker - INFO - File uploaded: Stations.csv
2023-07-20 13:29:55 - Upload Worker - INFO - File uploaded: SessionsData.log
2023-07-20 13:29:55 - Upload Worker - INFO - File uploaded: StationsData.log
2023-07-20 13:29:56 - Upload Worker - INFO - File uploaded: AlarmData.log
2023-07-20 13:29:56 - Upload Worker - INFO - File uploaded: upload.log
2023-07-21 13:57:53 - Upload Worker - INFO - File uploaded: Sessions.csv
2023-07-21 13:57:53 - Upload Worker - INFO - File uploaded: Anomalies.csv
2023-07-21 13:57:54 - Upload Worker - INFO - File uploaded: Alarms.csv
2023-07-21 13:57:54 - Upload Worker - INFO - File uploaded: Stations.csv
2023-07-21 13:57:54 - Upload Worker - INFO - File uploaded: SessionsData.log
2023-07-21 13:57:54 - Upload Worker - INFO - File uploaded: StationsData.log
2023-07-21 13:57:55 - Upload Worker - INFO - File uploaded: AlarmData.log
2023-07-21 13:57:55 - Upload Worker - INFO - File uploaded: upload.log
2023-07-27 15:14:58 - Upload Worker - INFO - File uploaded: Sessions.csv
2023-07-27 15:14:58 - Upload Worker - INFO - File uploaded: Anomalies.csv
2023-07-27 15:14:58 - Upload Worker - INFO - File uploaded: Alarms.csv
2023-07-27 15:14:59 - Upload Worker - INFO - File uploaded: Stations.csv
2023-07-27 15:14:59 - Upload Worker - INFO - File uploaded: SessionsData.log
2023-07-27 15:14:59 - Upload Worker - INFO - File uploaded: StationsData.log
2023-07-27 15:14:59 - Upload Worker - INFO - File uploaded: AlarmData.log
2023-07-27 15:14:59 - Upload Worker - INFO - File uploaded: upload.log
2023-07-28 13:07:29 - Upload Worker - INFO - File uploaded: Sessions.csv
2023-07-28 13:07:29 - Upload Worker - INFO - File uploaded: Anomalies.csv
2023-07-28 13:07:30 - Upload Worker - INFO - File uploaded: Alarms.csv
2023-07-28 13:07:30 - Upload Worker - INFO - File uploaded: Stations.csv
2023-07-28 13:07:30 - Upload Worker - INFO - File uploaded: SessionsData.log
2023-07-28 13:07:30 - Upload Worker - INFO - File uploaded: StationsData.log
2023-07-28 13:07:31 - Upload Worker - INFO - File uploaded: AlarmData.log
2023-07-28 13:07:31 - Upload Worker - INFO - File uploaded: upload.log
2023-08-03 10:57:13 - Upload Worker - INFO - File uploaded: Sessions.csv
2023-08-03 10:57:13 - Upload Worker - INFO - File uploaded: Anomalies.csv
2023-08-03 10:57:14 - Upload Worker - INFO - File uploaded: Alarms.csv
2023-08-03 10:57:14 - Upload Worker - INFO - File uploaded: Stations.csv
2023-08-03 10:57:14 - Upload Worker - INFO - File uploaded: SessionsData.log
2023-08-03 10:57:14 - Upload Worker - INFO - File uploaded: StationsData.log
2023-08-03 10:57:15 - Upload Worker - INFO - File uploaded: AlarmData.log
2025-04-17 14:33:47 - Upload Worker - INFO - File uploaded: Sessions.csv
2025-04-17 14:33:47 - Upload Worker - INFO - File uploaded: Stations.csv
2025-04-17 14:33:48 - Upload Worker - INFO - File uploaded: Alarms.csv
2025-04-17 14:33:48 - Upload Worker - INFO - File uploaded: Anomalies.csv
2025-04-17 14:33:48 - Upload Worker - INFO - File uploaded: StationsData.log
2025-04-17 14:33:48 - Upload Worker - INFO - File uploaded: SessionsData.log
2025-04-17 14:33:48 - Upload Worker - INFO - File uploaded: AlarmData.log
